[debug] [2020-01-08T15:29:23.643Z] ----------------------------------------------------------------------
[debug] [2020-01-08T15:29:23.646Z] Command:       C:\Program Files\nodejs\node.exe C:\Users\anaun\AppData\Local\Yarn\Data\global\node_modules\firebase-tools\lib\bin\firebase.js serve --only functions
[debug] [2020-01-08T15:29:23.646Z] CLI Version:   6.2.2
[debug] [2020-01-08T15:29:23.646Z] Platform:      win32
[debug] [2020-01-08T15:29:23.646Z] Node Version:  v12.9.0
[debug] [2020-01-08T15:29:23.647Z] Time:          Wed Jan 08 2020 22:29:23 GMT+0700 (Indochina Time)
[debug] [2020-01-08T15:29:23.647Z] ----------------------------------------------------------------------
[debug] 
[debug] [2020-01-08T15:29:23.658Z] > command requires scopes: ["email","openid","https://www.googleapis.com/auth/cloudplatformprojects.readonly","https://www.googleapis.com/auth/firebase","https://www.googleapis.com/auth/cloud-platform"]
[debug] [2020-01-08T15:29:23.659Z] > authorizing via signed-in user
[debug] [2020-01-08T15:29:23.659Z] [iam] checking project senior-project-83de1 for permissions ["firebase.projects.get"]
[debug] [2020-01-08T15:29:23.660Z] > refreshing access token with scopes: ["email","https://www.googleapis.com/auth/cloud-platform","https://www.googleapis.com/auth/cloudplatformprojects.readonly","https://www.googleapis.com/auth/firebase","openid"]
[debug] [2020-01-08T15:29:23.661Z] >>> HTTP REQUEST POST https://www.googleapis.com/oauth2/v3/token  
 <request body omitted>
[debug] [2020-01-08T15:29:23.869Z] <<< HTTP RESPONSE 200
[debug] [2020-01-08T15:29:23.876Z] >>> HTTP REQUEST POST https://cloudresourcemanager.googleapis.com/v1/projects/senior-project-83de1:testIamPermissions  

[debug] [2020-01-08T15:29:25.235Z] <<< HTTP RESPONSE 200
[debug] [2020-01-08T15:29:25.237Z] >>> HTTP REQUEST GET https://cloudresourcemanager.googleapis.com/v1/projects/senior-project-83de1  
 
[debug] [2020-01-08T15:29:26.598Z] <<< HTTP RESPONSE 200
[info] 
[info] === Serving from 'D:\github\SeniorProject\Backend'...
[info] 
[info] i  functions: Preparing to emulate functions.
[debug] [2020-01-08T15:29:27.213Z] Fetching environment
[debug] [2020-01-08T15:29:27.219Z] >>> HTTP REQUEST GET https://mobilesdk-pa.googleapis.com/v1/projects/917485098032:getServerAppConfig  
 
[debug] [2020-01-08T15:29:27.619Z] <<< HTTP RESPONSE 200
[debug] [2020-01-08T15:29:27.620Z] Starting @google-cloud/functions-emulator
[debug] [2020-01-08T15:29:29.147Z] Parsing function triggers
[info] +  functions: createAccount: http://localhost:5000/senior-project-83de1/us-central1/createAccount
[info] +  functions: addWaste: http://localhost:5000/senior-project-83de1/us-central1/addWaste
[info] +  functions: toggleSearch: http://localhost:5000/senior-project-83de1/us-central1/toggleSearch
[info] +  functions: editBuyerInfo: http://localhost:5000/senior-project-83de1/us-central1/editBuyerInfo
[info] +  functions: editUserInfo: http://localhost:5000/senior-project-83de1/us-central1/editUserInfo
[info] +  functions: updateNotificationToken: http://localhost:5000/senior-project-83de1/us-central1/updateNotificationToken
[info] +  functions: removeNotificationToken: http://localhost:5000/senior-project-83de1/us-central1/removeNotificationToken
[info] +  functions: sellWaste: http://localhost:5000/senior-project-83de1/us-central1/sellWaste
[info] +  functions: changeTxStatus: http://localhost:5000/senior-project-83de1/us-central1/changeTxStatus
[info] +  functions: queryBuyers: http://localhost:5000/senior-project-83de1/us-central1/queryBuyers
